<?xml version="1.0" encoding="UTF-8"?>
<!-- Generated by org.testng.reporters.JUnitXMLReporter -->
<testsuite hostname="DESKTOP-H2NQ5S1" ignored="0" name="test1" tests="1" failures="1" timestamp="2020-11-25T09:07:24 CST" time="7.084" errors="0">
  <testcase name="testLogin1" time="0.097" classname="com.webtest.demo.Admin_Login">
    <failure type="java.lang.AssertionError" message="expected [true] but found [false]">
      <![CDATA[java.lang.AssertionError: expected [true] but found [false]
at com.webtest.demo.Admin_Login.testLogin1(Unknown Source)
at java.util.ArrayList.forEach(ArrayList.java:1257)
... Removed 30 stack frames]]>
    </failure>
  </testcase> <!-- testLogin1 -->
</testsuite> <!-- test1 -->
